-----TOKENIZATION-----
(bind, STATEMENT)
(x, IDENTIFIER)
(:, OPERATOR)
(Integer, TYPE)
(to, KEYWORD)
(1, INTEGER)
(+, OPERATOR)
(2, INTEGER)
(+, OPERATOR)
(3, INTEGER)
(+, OPERATOR)
(4, INTEGER)
(+, OPERATOR)
(5, INTEGER)
(+, OPERATOR)
(6, INTEGER)
(+, OPERATOR)
(7, INTEGER)
(+, OPERATOR)
(8, INTEGER)
(+, OPERATOR)
(9, INTEGER)
(+, OPERATOR)
(10, INTEGER)
(+, OPERATOR)
(11, INTEGER)
(+, OPERATOR)
(12, INTEGER)
(+, OPERATOR)
(13, INTEGER)
(+, OPERATOR)
(14, INTEGER)
(+, OPERATOR)
(15, INTEGER)
(+, OPERATOR)
(16, INTEGER)
(print, STATEMENT)
((, PUNCTUATOR)
(x, IDENTIFIER)
(), PUNCTUATOR)
-----PARSING-----
PROGRAM
  BIND(x, Integer) to 
    OPERATOR(+)
      OPERATOR(+)
        OPERATOR(+)
          OPERATOR(+)
            OPERATOR(+)
              OPERATOR(+)
                OPERATOR(+)
                  OPERATOR(+)
                    OPERATOR(+)
                      OPERATOR(+)
                        OPERATOR(+)
                          OPERATOR(+)
                            OPERATOR(+)
                              OPERATOR(+)
                                OPERATOR(+)
                                  INTEGER(16)
                                  INTEGER(15)
                                INTEGER(14)
                              INTEGER(13)
                            INTEGER(12)
                          INTEGER(11)
                        INTEGER(10)
                      INTEGER(9)
                    INTEGER(8)
                  INTEGER(7)
                INTEGER(6)
              INTEGER(5)
            INTEGER(4)
          INTEGER(3)
        INTEGER(2)
      INTEGER(1)
  PRINT
    VARIABLE_REFERENCE(x)
-----UNIQUIFICATION-----
PROGRAM
  BIND(x.0, Integer) to 
    OPERATOR(+)
      OPERATOR(+)
        OPERATOR(+)
          OPERATOR(+)
            OPERATOR(+)
              OPERATOR(+)
                OPERATOR(+)
                  OPERATOR(+)
                    OPERATOR(+)
                      OPERATOR(+)
                        OPERATOR(+)
                          OPERATOR(+)
                            OPERATOR(+)
                              OPERATOR(+)
                                OPERATOR(+)
                                  INTEGER(16)
                                  INTEGER(15)
                                INTEGER(14)
                              INTEGER(13)
                            INTEGER(12)
                          INTEGER(11)
                        INTEGER(10)
                      INTEGER(9)
                    INTEGER(8)
                  INTEGER(7)
                INTEGER(6)
              INTEGER(5)
            INTEGER(4)
          INTEGER(3)
        INTEGER(2)
      INTEGER(1)
  PRINT
    VARIABLE_REFERENCE(x.0)
-----REMOVE COMPLEX OPERANDS-----
PROGRAM
  BIND(tmp0, Integer) to 
    OPERATOR(+)
      INTEGER(16)
      INTEGER(15)
  BIND(tmp1, Integer) to 
    OPERATOR(+)
      VARIABLE_REFERENCE(tmp0)
      INTEGER(14)
  BIND(tmp2, Integer) to 
    OPERATOR(+)
      VARIABLE_REFERENCE(tmp1)
      INTEGER(13)
  BIND(tmp3, Integer) to 
    OPERATOR(+)
      VARIABLE_REFERENCE(tmp2)
      INTEGER(12)
  BIND(tmp4, Integer) to 
    OPERATOR(+)
      VARIABLE_REFERENCE(tmp3)
      INTEGER(11)
  BIND(tmp5, Integer) to 
    OPERATOR(+)
      VARIABLE_REFERENCE(tmp4)
      INTEGER(10)
  BIND(tmp6, Integer) to 
    OPERATOR(+)
      VARIABLE_REFERENCE(tmp5)
      INTEGER(9)
  BIND(tmp7, Integer) to 
    OPERATOR(+)
      VARIABLE_REFERENCE(tmp6)
      INTEGER(8)
  BIND(tmp8, Integer) to 
    OPERATOR(+)
      VARIABLE_REFERENCE(tmp7)
      INTEGER(7)
  BIND(tmp9, Integer) to 
    OPERATOR(+)
      VARIABLE_REFERENCE(tmp8)
      INTEGER(6)
  BIND(tmp10, Integer) to 
    OPERATOR(+)
      VARIABLE_REFERENCE(tmp9)
      INTEGER(5)
  BIND(tmp11, Integer) to 
    OPERATOR(+)
      VARIABLE_REFERENCE(tmp10)
      INTEGER(4)
  BIND(tmp12, Integer) to 
    OPERATOR(+)
      VARIABLE_REFERENCE(tmp11)
      INTEGER(3)
  BIND(tmp13, Integer) to 
    OPERATOR(+)
      VARIABLE_REFERENCE(tmp12)
      INTEGER(2)
  BIND(x.0, Integer) to 
    OPERATOR(+)
      VARIABLE_REFERENCE(tmp13)
      INTEGER(1)
  PRINT
    VARIABLE_REFERENCE(x.0)
